{"C:\\Users\\leath\\OneDrive\\Documents\\IUT INFO\\BUT3\\SAE 5.0\\SolimboBack\\lib\\application\\use_cases\\security\\GetAccessToken.js": {"path":"C:\\Users\\leath\\OneDrive\\Documents\\IUT INFO\\BUT3\\SAE 5.0\\SolimboBack\\lib\\application\\use_cases\\security\\GetAccessToken.js","statementMap":{"0":{"start":{"line":2,"column":24},"end":{"line":2,"column":59}},"1":{"start":{"line":3,"column":15},"end":{"line":3,"column":32}},"2":{"start":{"line":4,"column":0},"end":{"line":17,"column":2}},"3":{"start":{"line":5,"column":15},"end":{"line":5,"column":53}},"4":{"start":{"line":6,"column":2},"end":{"line":8,"column":3}},"5":{"start":{"line":7,"column":4},"end":{"line":7,"column":42}},"6":{"start":{"line":10,"column":2},"end":{"line":16,"column":5}}},"fnMap":{"0":{"name":"(anonymous_0)","decl":{"start":{"line":4,"column":17},"end":{"line":4,"column":18}},"loc":{"start":{"line":4,"column":84},"end":{"line":17,"column":1}},"line":4}},"branchMap":{"0":{"loc":{"start":{"line":6,"column":2},"end":{"line":8,"column":3}},"type":"if","locations":[{"start":{"line":6,"column":2},"end":{"line":8,"column":3}},{"start":{},"end":{}}],"line":6},"1":{"loc":{"start":{"line":6,"column":6},"end":{"line":6,"column":60}},"type":"binary-expr","locations":[{"start":{"line":6,"column":6},"end":{"line":6,"column":11}},{"start":{"line":6,"column":15},"end":{"line":6,"column":60}}],"line":6}},"s":{"0":2,"1":2,"2":2,"3":6,"4":6,"5":4,"6":2},"f":{"0":6},"b":{"0":[4,2],"1":[6,4]},"_coverageSchema":"1a1c01bbd47fc00a2c39e90264f33305004495a9","hash":"fb538342207d02c6112c1eeeb044cffff0b51295"}
,"C:\\Users\\leath\\OneDrive\\Documents\\IUT INFO\\BUT3\\SAE 5.0\\SolimboBack\\lib\\application\\use_cases\\spotify\\FetchArtist.js": {"path":"C:\\Users\\leath\\OneDrive\\Documents\\IUT INFO\\BUT3\\SAE 5.0\\SolimboBack\\lib\\application\\use_cases\\spotify\\FetchArtist.js","statementMap":{"0":{"start":{"line":1,"column":24},"end":{"line":1,"column":83}},"1":{"start":{"line":2,"column":24},"end":{"line":2,"column":59}},"2":{"start":{"line":4,"column":0},"end":{"line":15,"column":1}},"3":{"start":{"line":5,"column":21},"end":{"line":5,"column":23}},"4":{"start":{"line":6,"column":4},"end":{"line":11,"column":5}},"5":{"start":{"line":7,"column":8},"end":{"line":7,"column":65}},"6":{"start":{"line":10,"column":8},"end":{"line":10,"column":57}},"7":{"start":{"line":13,"column":19},"end":{"line":13,"column":46}},"8":{"start":{"line":14,"column":4},"end":{"line":14,"column":17}}},"fnMap":{"0":{"name":"(anonymous_0)","decl":{"start":{"line":4,"column":17},"end":{"line":4,"column":18}},"loc":{"start":{"line":4,"column":51},"end":{"line":15,"column":1}},"line":4}},"branchMap":{},"s":{"0":2,"1":2,"2":2,"3":4,"4":4,"5":4,"6":2,"7":2,"8":2},"f":{"0":4},"b":{},"_coverageSchema":"1a1c01bbd47fc00a2c39e90264f33305004495a9","hash":"4cb87b2d9433ba236d675224a9fdee4075bd2a4a"}
,"C:\\Users\\leath\\OneDrive\\Documents\\IUT INFO\\BUT3\\SAE 5.0\\SolimboBack\\lib\\application\\use_cases\\spotify\\FetchArtistSongs.js": {"path":"C:\\Users\\leath\\OneDrive\\Documents\\IUT INFO\\BUT3\\SAE 5.0\\SolimboBack\\lib\\application\\use_cases\\spotify\\FetchArtistSongs.js","statementMap":{"0":{"start":{"line":1,"column":23},"end":{"line":1,"column":81}},"1":{"start":{"line":2,"column":24},"end":{"line":2,"column":59}},"2":{"start":{"line":4,"column":0},"end":{"line":45,"column":1}},"3":{"start":{"line":5,"column":18},"end":{"line":5,"column":25}},"4":{"start":{"line":6,"column":19},"end":{"line":6,"column":27}},"5":{"start":{"line":7,"column":24},"end":{"line":7,"column":37}},"6":{"start":{"line":8,"column":22},"end":{"line":8,"column":34}},"7":{"start":{"line":10,"column":22},"end":{"line":10,"column":24}},"8":{"start":{"line":11,"column":22},"end":{"line":11,"column":24}},"9":{"start":{"line":13,"column":4},"end":{"line":19,"column":5}},"10":{"start":{"line":14,"column":9},"end":{"line":14,"column":87}},"11":{"start":{"line":17,"column":8},"end":{"line":17,"column":32}},"12":{"start":{"line":18,"column":8},"end":{"line":18,"column":57}},"13":{"start":{"line":21,"column":22},"end":{"line":21,"column":39}},"14":{"start":{"line":26,"column":21},"end":{"line":26,"column":123}},"15":{"start":{"line":26,"column":84},"end":{"line":26,"column":111}},"16":{"start":{"line":27,"column":28},"end":{"line":27,"column":97}},"17":{"start":{"line":27,"column":71},"end":{"line":27,"column":91}},"18":{"start":{"line":29,"column":22},"end":{"line":29,"column":126}},"19":{"start":{"line":29,"column":86},"end":{"line":29,"column":114}},"20":{"start":{"line":30,"column":29},"end":{"line":30,"column":100}},"21":{"start":{"line":30,"column":74},"end":{"line":30,"column":94}},"22":{"start":{"line":32,"column":27},"end":{"line":32,"column":141}},"23":{"start":{"line":32,"column":96},"end":{"line":32,"column":129}},"24":{"start":{"line":33,"column":34},"end":{"line":33,"column":115}},"25":{"start":{"line":33,"column":89},"end":{"line":33,"column":109}},"26":{"start":{"line":36,"column":25},"end":{"line":36,"column":135}},"27":{"start":{"line":36,"column":92},"end":{"line":36,"column":123}},"28":{"start":{"line":37,"column":29},"end":{"line":37,"column":106}},"29":{"start":{"line":37,"column":80},"end":{"line":37,"column":100}},"30":{"start":{"line":39,"column":4},"end":{"line":39,"column":40}},"31":{"start":{"line":40,"column":4},"end":{"line":40,"column":41}},"32":{"start":{"line":41,"column":4},"end":{"line":41,"column":46}},"33":{"start":{"line":42,"column":4},"end":{"line":42,"column":41}},"34":{"start":{"line":44,"column":4},"end":{"line":44,"column":22}}},"fnMap":{"0":{"name":"(anonymous_0)","decl":{"start":{"line":4,"column":17},"end":{"line":4,"column":18}},"loc":{"start":{"line":4,"column":69},"end":{"line":45,"column":1}},"line":4},"1":{"name":"(anonymous_1)","decl":{"start":{"line":26,"column":76},"end":{"line":26,"column":77}},"loc":{"start":{"line":26,"column":84},"end":{"line":26,"column":111}},"line":26},"2":{"name":"(anonymous_2)","decl":{"start":{"line":27,"column":63},"end":{"line":27,"column":64}},"loc":{"start":{"line":27,"column":71},"end":{"line":27,"column":91}},"line":27},"3":{"name":"(anonymous_3)","decl":{"start":{"line":29,"column":78},"end":{"line":29,"column":79}},"loc":{"start":{"line":29,"column":86},"end":{"line":29,"column":114}},"line":29},"4":{"name":"(anonymous_4)","decl":{"start":{"line":30,"column":66},"end":{"line":30,"column":67}},"loc":{"start":{"line":30,"column":74},"end":{"line":30,"column":94}},"line":30},"5":{"name":"(anonymous_5)","decl":{"start":{"line":32,"column":88},"end":{"line":32,"column":89}},"loc":{"start":{"line":32,"column":96},"end":{"line":32,"column":129}},"line":32},"6":{"name":"(anonymous_6)","decl":{"start":{"line":33,"column":81},"end":{"line":33,"column":82}},"loc":{"start":{"line":33,"column":89},"end":{"line":33,"column":109}},"line":33},"7":{"name":"(anonymous_7)","decl":{"start":{"line":36,"column":84},"end":{"line":36,"column":85}},"loc":{"start":{"line":36,"column":92},"end":{"line":36,"column":123}},"line":36},"8":{"name":"(anonymous_8)","decl":{"start":{"line":37,"column":72},"end":{"line":37,"column":73}},"loc":{"start":{"line":37,"column":80},"end":{"line":37,"column":100}},"line":37}},"branchMap":{"0":{"loc":{"start":{"line":26,"column":21},"end":{"line":26,"column":123}},"type":"cond-expr","locations":[{"start":{"line":26,"column":49},"end":{"line":26,"column":118}},{"start":{"line":26,"column":121},"end":{"line":26,"column":123}}],"line":26},"1":{"loc":{"start":{"line":26,"column":49},"end":{"line":26,"column":118}},"type":"binary-expr","locations":[{"start":{"line":26,"column":49},"end":{"line":26,"column":112}},{"start":{"line":26,"column":116},"end":{"line":26,"column":118}}],"line":26},"2":{"loc":{"start":{"line":27,"column":28},"end":{"line":27,"column":97}},"type":"cond-expr","locations":[{"start":{"line":27,"column":50},"end":{"line":27,"column":92}},{"start":{"line":27,"column":95},"end":{"line":27,"column":97}}],"line":27},"3":{"loc":{"start":{"line":29,"column":22},"end":{"line":29,"column":126}},"type":"cond-expr","locations":[{"start":{"line":29,"column":51},"end":{"line":29,"column":121}},{"start":{"line":29,"column":124},"end":{"line":29,"column":126}}],"line":29},"4":{"loc":{"start":{"line":29,"column":51},"end":{"line":29,"column":121}},"type":"binary-expr","locations":[{"start":{"line":29,"column":51},"end":{"line":29,"column":115}},{"start":{"line":29,"column":119},"end":{"line":29,"column":121}}],"line":29},"5":{"loc":{"start":{"line":30,"column":29},"end":{"line":30,"column":100}},"type":"cond-expr","locations":[{"start":{"line":30,"column":52},"end":{"line":30,"column":95}},{"start":{"line":30,"column":98},"end":{"line":30,"column":100}}],"line":30},"6":{"loc":{"start":{"line":32,"column":27},"end":{"line":32,"column":141}},"type":"cond-expr","locations":[{"start":{"line":32,"column":61},"end":{"line":32,"column":136}},{"start":{"line":32,"column":139},"end":{"line":32,"column":141}}],"line":32},"7":{"loc":{"start":{"line":32,"column":61},"end":{"line":32,"column":136}},"type":"binary-expr","locations":[{"start":{"line":32,"column":61},"end":{"line":32,"column":130}},{"start":{"line":32,"column":134},"end":{"line":32,"column":136}}],"line":32},"8":{"loc":{"start":{"line":33,"column":34},"end":{"line":33,"column":115}},"type":"cond-expr","locations":[{"start":{"line":33,"column":62},"end":{"line":33,"column":110}},{"start":{"line":33,"column":113},"end":{"line":33,"column":115}}],"line":33},"9":{"loc":{"start":{"line":36,"column":25},"end":{"line":36,"column":135}},"type":"cond-expr","locations":[{"start":{"line":36,"column":57},"end":{"line":36,"column":130}},{"start":{"line":36,"column":133},"end":{"line":36,"column":135}}],"line":36},"10":{"loc":{"start":{"line":36,"column":57},"end":{"line":36,"column":130}},"type":"binary-expr","locations":[{"start":{"line":36,"column":57},"end":{"line":36,"column":124}},{"start":{"line":36,"column":128},"end":{"line":36,"column":130}}],"line":36},"11":{"loc":{"start":{"line":37,"column":29},"end":{"line":37,"column":106}},"type":"cond-expr","locations":[{"start":{"line":37,"column":55},"end":{"line":37,"column":101}},{"start":{"line":37,"column":104},"end":{"line":37,"column":106}}],"line":37}},"s":{"0":2,"1":2,"2":2,"3":11,"4":11,"5":11,"6":11,"7":11,"8":11,"9":11,"10":11,"11":2,"12":2,"13":9,"14":9,"15":7,"16":9,"17":3,"18":9,"19":7,"20":9,"21":3,"22":9,"23":5,"24":9,"25":2,"26":9,"27":5,"28":9,"29":2,"30":9,"31":9,"32":9,"33":9,"34":9},"f":{"0":11,"1":7,"2":3,"3":7,"4":3,"5":5,"6":2,"7":5,"8":2},"b":{"0":[6,3],"1":[6,3],"2":[3,6],"3":[5,4],"4":[5,2],"5":[3,6],"6":[3,6],"7":[3,1],"8":[2,7],"9":[3,6],"10":[3,1],"11":[2,7]},"_coverageSchema":"1a1c01bbd47fc00a2c39e90264f33305004495a9","hash":"f383d8f1abba6d664b789168f7cd2fef4b5ddbc8"}
,"C:\\Users\\leath\\OneDrive\\Documents\\IUT INFO\\BUT3\\SAE 5.0\\SolimboBack\\lib\\application\\use_cases\\spotify\\GetAuthURL.js": {"path":"C:\\Users\\leath\\OneDrive\\Documents\\IUT INFO\\BUT3\\SAE 5.0\\SolimboBack\\lib\\application\\use_cases\\spotify\\GetAuthURL.js","statementMap":{"0":{"start":{"line":1,"column":22},"end":{"line":19,"column":1}},"1":{"start":{"line":20,"column":0},"end":{"line":22,"column":1}},"2":{"start":{"line":21,"column":4},"end":{"line":21,"column":237}}},"fnMap":{"0":{"name":"(anonymous_0)","decl":{"start":{"line":20,"column":17},"end":{"line":20,"column":18}},"loc":{"start":{"line":20,"column":23},"end":{"line":22,"column":1}},"line":20}},"branchMap":{},"s":{"0":1,"1":1,"2":0},"f":{"0":0},"b":{},"_coverageSchema":"1a1c01bbd47fc00a2c39e90264f33305004495a9","hash":"41ad082ac53a3cd666718c6a2bd89490cc490481"}
,"C:\\Users\\leath\\OneDrive\\Documents\\IUT INFO\\BUT3\\SAE 5.0\\SolimboBack\\lib\\application\\use_cases\\spotify\\GetToken.js": {"path":"C:\\Users\\leath\\OneDrive\\Documents\\IUT INFO\\BUT3\\SAE 5.0\\SolimboBack\\lib\\application\\use_cases\\spotify\\GetToken.js","statementMap":{"0":{"start":{"line":1,"column":24},"end":{"line":1,"column":59}},"1":{"start":{"line":2,"column":0},"end":{"line":10,"column":1}},"2":{"start":{"line":3,"column":48},"end":{"line":3,"column":86}},"3":{"start":{"line":4,"column":4},"end":{"line":5,"column":34}},"4":{"start":{"line":5,"column":8},"end":{"line":5,"column":34}},"5":{"start":{"line":6,"column":4},"end":{"line":9,"column":5}}},"fnMap":{"0":{"name":"(anonymous_0)","decl":{"start":{"line":2,"column":17},"end":{"line":2,"column":18}},"loc":{"start":{"line":2,"column":53},"end":{"line":10,"column":1}},"line":2}},"branchMap":{"0":{"loc":{"start":{"line":4,"column":4},"end":{"line":5,"column":34}},"type":"if","locations":[{"start":{"line":4,"column":4},"end":{"line":5,"column":34}},{"start":{},"end":{}}],"line":4}},"s":{"0":1,"1":1,"2":2,"3":2,"4":1,"5":1},"f":{"0":2},"b":{"0":[1,1]},"_coverageSchema":"1a1c01bbd47fc00a2c39e90264f33305004495a9","hash":"988f23def64b22638e43b2d9598108fc65e08e7c"}
,"C:\\Users\\leath\\OneDrive\\Documents\\IUT INFO\\BUT3\\SAE 5.0\\SolimboBack\\lib\\application\\use_cases\\spotify\\RefreshToken.js": {"path":"C:\\Users\\leath\\OneDrive\\Documents\\IUT INFO\\BUT3\\SAE 5.0\\SolimboBack\\lib\\application\\use_cases\\spotify\\RefreshToken.js","statementMap":{"0":{"start":{"line":1,"column":0},"end":{"line":19,"column":1}},"1":{"start":{"line":2,"column":19},"end":{"line":6,"column":5}},"2":{"start":{"line":3,"column":31},"end":{"line":3,"column":87}},"3":{"start":{"line":4,"column":8},"end":{"line":4,"column":33}},"4":{"start":{"line":5,"column":8},"end":{"line":5,"column":39}},"5":{"start":{"line":7,"column":4},"end":{"line":15,"column":5}},"6":{"start":{"line":8,"column":8},"end":{"line":14,"column":9}},"7":{"start":{"line":9,"column":12},"end":{"line":9,"column":26}},"8":{"start":{"line":11,"column":12},"end":{"line":11,"column":37}},"9":{"start":{"line":12,"column":12},"end":{"line":12,"column":29}},"10":{"start":{"line":13,"column":12},"end":{"line":13,"column":49}},"11":{"start":{"line":16,"column":4},"end":{"line":18,"column":16}},"12":{"start":{"line":17,"column":8},"end":{"line":17,"column":16}}},"fnMap":{"0":{"name":"(anonymous_0)","decl":{"start":{"line":1,"column":17},"end":{"line":1,"column":18}},"loc":{"start":{"line":1,"column":84},"end":{"line":19,"column":1}},"line":1},"1":{"name":"(anonymous_1)","decl":{"start":{"line":2,"column":19},"end":{"line":2,"column":20}},"loc":{"start":{"line":2,"column":29},"end":{"line":6,"column":5}},"line":2},"2":{"name":"(anonymous_2)","decl":{"start":{"line":16,"column":16},"end":{"line":16,"column":17}},"loc":{"start":{"line":16,"column":26},"end":{"line":18,"column":5}},"line":16}},"branchMap":{"0":{"loc":{"start":{"line":7,"column":4},"end":{"line":15,"column":5}},"type":"if","locations":[{"start":{"line":7,"column":4},"end":{"line":15,"column":5}},{"start":{},"end":{}}],"line":7}},"s":{"0":1,"1":1,"2":0,"3":0,"4":0,"5":1,"6":0,"7":0,"8":0,"9":0,"10":0,"11":1,"12":0},"f":{"0":1,"1":0,"2":0},"b":{"0":[0,1]},"_coverageSchema":"1a1c01bbd47fc00a2c39e90264f33305004495a9","hash":"3f8088f0bddfe0d2243f6884dcd1f44086ab304f"}
,"C:\\Users\\leath\\OneDrive\\Documents\\IUT INFO\\BUT3\\SAE 5.0\\SolimboBack\\lib\\application\\use_cases\\spotify\\Search.js": {"path":"C:\\Users\\leath\\OneDrive\\Documents\\IUT INFO\\BUT3\\SAE 5.0\\SolimboBack\\lib\\application\\use_cases\\spotify\\Search.js","statementMap":{"0":{"start":{"line":1,"column":23},"end":{"line":1,"column":81}},"1":{"start":{"line":2,"column":23},"end":{"line":2,"column":81}},"2":{"start":{"line":3,"column":24},"end":{"line":3,"column":83}},"3":{"start":{"line":4,"column":28},"end":{"line":4,"column":90}},"4":{"start":{"line":5,"column":17},"end":{"line":5,"column":18}},"5":{"start":{"line":6,"column":0},"end":{"line":40,"column":1}},"6":{"start":{"line":7,"column":20},"end":{"line":7,"column":25}},"7":{"start":{"line":8,"column":16},"end":{"line":8,"column":18}},"8":{"start":{"line":9,"column":4},"end":{"line":9,"column":30}},"9":{"start":{"line":10,"column":4},"end":{"line":14,"column":5}},"10":{"start":{"line":11,"column":8},"end":{"line":11,"column":56}},"11":{"start":{"line":11,"column":39},"end":{"line":11,"column":54}},"12":{"start":{"line":12,"column":8},"end":{"line":12,"column":69}},"13":{"start":{"line":13,"column":8},"end":{"line":13,"column":33}},"14":{"start":{"line":16,"column":26},"end":{"line":18,"column":12}},"15":{"start":{"line":19,"column":22},"end":{"line":19,"column":24}},"16":{"start":{"line":22,"column":19},"end":{"line":23,"column":75}},"17":{"start":{"line":23,"column":49},"end":{"line":23,"column":69}},"18":{"start":{"line":25,"column":19},"end":{"line":26,"column":75}},"19":{"start":{"line":26,"column":49},"end":{"line":26,"column":69}},"20":{"start":{"line":27,"column":20},"end":{"line":28,"column":77}},"21":{"start":{"line":28,"column":50},"end":{"line":28,"column":71}},"22":{"start":{"line":29,"column":4},"end":{"line":30,"column":35}},"23":{"start":{"line":30,"column":8},"end":{"line":30,"column":35}},"24":{"start":{"line":32,"column":4},"end":{"line":32,"column":31}},"25":{"start":{"line":33,"column":4},"end":{"line":33,"column":31}},"26":{"start":{"line":34,"column":4},"end":{"line":34,"column":32}},"27":{"start":{"line":35,"column":4},"end":{"line":35,"column":76}},"28":{"start":{"line":35,"column":39},"end":{"line":35,"column":74}},"29":{"start":{"line":36,"column":4},"end":{"line":37,"column":53}},"30":{"start":{"line":37,"column":8},"end":{"line":37,"column":53}},"31":{"start":{"line":38,"column":4},"end":{"line":38,"column":30}},"32":{"start":{"line":39,"column":4},"end":{"line":39,"column":61}},"33":{"start":{"line":39,"column":35},"end":{"line":39,"column":60}}},"fnMap":{"0":{"name":"(anonymous_0)","decl":{"start":{"line":6,"column":17},"end":{"line":6,"column":18}},"loc":{"start":{"line":6,"column":84},"end":{"line":40,"column":1}},"line":6},"1":{"name":"(anonymous_1)","decl":{"start":{"line":11,"column":31},"end":{"line":11,"column":32}},"loc":{"start":{"line":11,"column":39},"end":{"line":11,"column":54}},"line":11},"2":{"name":"(anonymous_2)","decl":{"start":{"line":23,"column":41},"end":{"line":23,"column":42}},"loc":{"start":{"line":23,"column":49},"end":{"line":23,"column":69}},"line":23},"3":{"name":"(anonymous_3)","decl":{"start":{"line":26,"column":41},"end":{"line":26,"column":42}},"loc":{"start":{"line":26,"column":49},"end":{"line":26,"column":69}},"line":26},"4":{"name":"(anonymous_4)","decl":{"start":{"line":28,"column":42},"end":{"line":28,"column":43}},"loc":{"start":{"line":28,"column":50},"end":{"line":28,"column":71}},"line":28},"5":{"name":"(anonymous_5)","decl":{"start":{"line":35,"column":21},"end":{"line":35,"column":22}},"loc":{"start":{"line":35,"column":39},"end":{"line":35,"column":74}},"line":35},"6":{"name":"(anonymous_6)","decl":{"start":{"line":39,"column":27},"end":{"line":39,"column":28}},"loc":{"start":{"line":39,"column":35},"end":{"line":39,"column":60}},"line":39}},"branchMap":{"0":{"loc":{"start":{"line":10,"column":4},"end":{"line":14,"column":5}},"type":"if","locations":[{"start":{"line":10,"column":4},"end":{"line":14,"column":5}},{"start":{},"end":{}}],"line":10},"1":{"loc":{"start":{"line":16,"column":26},"end":{"line":18,"column":12}},"type":"cond-expr","locations":[{"start":{"line":17,"column":10},"end":{"line":17,"column":90}},{"start":{"line":18,"column":10},"end":{"line":18,"column":12}}],"line":16},"2":{"loc":{"start":{"line":22,"column":19},"end":{"line":23,"column":75}},"type":"cond-expr","locations":[{"start":{"line":23,"column":8},"end":{"line":23,"column":70}},{"start":{"line":23,"column":73},"end":{"line":23,"column":75}}],"line":22},"3":{"loc":{"start":{"line":25,"column":19},"end":{"line":26,"column":75}},"type":"cond-expr","locations":[{"start":{"line":26,"column":8},"end":{"line":26,"column":70}},{"start":{"line":26,"column":73},"end":{"line":26,"column":75}}],"line":25},"4":{"loc":{"start":{"line":27,"column":20},"end":{"line":28,"column":77}},"type":"cond-expr","locations":[{"start":{"line":28,"column":8},"end":{"line":28,"column":72}},{"start":{"line":28,"column":75},"end":{"line":28,"column":77}}],"line":27},"5":{"loc":{"start":{"line":29,"column":4},"end":{"line":30,"column":35}},"type":"if","locations":[{"start":{"line":29,"column":4},"end":{"line":30,"column":35}},{"start":{},"end":{}}],"line":29},"6":{"loc":{"start":{"line":36,"column":4},"end":{"line":37,"column":53}},"type":"if","locations":[{"start":{"line":36,"column":4},"end":{"line":37,"column":53}},{"start":{},"end":{}}],"line":36}},"s":{"0":2,"1":2,"2":2,"3":2,"4":2,"5":2,"6":17,"7":17,"8":17,"9":17,"10":9,"11":22,"12":9,"13":9,"14":17,"15":17,"16":17,"17":2,"18":17,"19":2,"20":17,"21":2,"22":17,"23":2,"24":17,"25":17,"26":17,"27":17,"28":4,"29":17,"30":0,"31":17,"32":17,"33":7},"f":{"0":17,"1":22,"2":2,"3":2,"4":2,"5":4,"6":7},"b":{"0":[9,8],"1":[16,1],"2":[2,15],"3":[2,15],"4":[2,15],"5":[2,15],"6":[0,17]},"_coverageSchema":"1a1c01bbd47fc00a2c39e90264f33305004495a9","hash":"1390a6761e12ed99c961355ecf5ef690b71f3eb4"}
,"C:\\Users\\leath\\OneDrive\\Documents\\IUT INFO\\BUT3\\SAE 5.0\\SolimboBack\\lib\\application\\use_cases\\spotify\\getAlbum.js": {"path":"C:\\Users\\leath\\OneDrive\\Documents\\IUT INFO\\BUT3\\SAE 5.0\\SolimboBack\\lib\\application\\use_cases\\spotify\\getAlbum.js","statementMap":{"0":{"start":{"line":1,"column":23},"end":{"line":1,"column":81}},"1":{"start":{"line":2,"column":24},"end":{"line":2,"column":59}},"2":{"start":{"line":4,"column":0},"end":{"line":9,"column":1}},"3":{"start":{"line":5,"column":22},"end":{"line":5,"column":66}},"4":{"start":{"line":6,"column":4},"end":{"line":7,"column":71}},"5":{"start":{"line":7,"column":8},"end":{"line":7,"column":71}},"6":{"start":{"line":8,"column":4},"end":{"line":8,"column":37}}},"fnMap":{"0":{"name":"(anonymous_0)","decl":{"start":{"line":4,"column":17},"end":{"line":4,"column":18}},"loc":{"start":{"line":4,"column":51},"end":{"line":9,"column":1}},"line":4}},"branchMap":{"0":{"loc":{"start":{"line":6,"column":4},"end":{"line":7,"column":71}},"type":"if","locations":[{"start":{"line":6,"column":4},"end":{"line":7,"column":71}},{"start":{},"end":{}}],"line":6}},"s":{"0":2,"1":2,"2":2,"3":6,"4":6,"5":2,"6":4},"f":{"0":6},"b":{"0":[2,4]},"_coverageSchema":"1a1c01bbd47fc00a2c39e90264f33305004495a9","hash":"241ac1310762d33715b09b5519aa5fec11154fd2"}
,"C:\\Users\\leath\\OneDrive\\Documents\\IUT INFO\\BUT3\\SAE 5.0\\SolimboBack\\lib\\application\\use_cases\\spotify\\getSearchFilters.js": {"path":"C:\\Users\\leath\\OneDrive\\Documents\\IUT INFO\\BUT3\\SAE 5.0\\SolimboBack\\lib\\application\\use_cases\\spotify\\getSearchFilters.js","statementMap":{"0":{"start":{"line":1,"column":0},"end":{"line":20,"column":1}},"1":{"start":{"line":2,"column":4},"end":{"line":19,"column":5}}},"fnMap":{"0":{"name":"(anonymous_0)","decl":{"start":{"line":1,"column":17},"end":{"line":1,"column":18}},"loc":{"start":{"line":1,"column":23},"end":{"line":20,"column":1}},"line":1}},"branchMap":{},"s":{"0":2,"1":2},"f":{"0":2},"b":{},"_coverageSchema":"1a1c01bbd47fc00a2c39e90264f33305004495a9","hash":"b31a9de1b26065b1125604bff285615b256ca837"}
,"C:\\Users\\leath\\OneDrive\\Documents\\IUT INFO\\BUT3\\SAE 5.0\\SolimboBack\\lib\\application\\use_cases\\spotify\\getTrack.js": {"path":"C:\\Users\\leath\\OneDrive\\Documents\\IUT INFO\\BUT3\\SAE 5.0\\SolimboBack\\lib\\application\\use_cases\\spotify\\getTrack.js","statementMap":{"0":{"start":{"line":1,"column":23},"end":{"line":1,"column":81}},"1":{"start":{"line":2,"column":24},"end":{"line":2,"column":59}},"2":{"start":{"line":3,"column":0},"end":{"line":8,"column":1}},"3":{"start":{"line":4,"column":22},"end":{"line":4,"column":66}},"4":{"start":{"line":5,"column":4},"end":{"line":6,"column":71}},"5":{"start":{"line":6,"column":8},"end":{"line":6,"column":71}},"6":{"start":{"line":7,"column":4},"end":{"line":7,"column":36}}},"fnMap":{"0":{"name":"(anonymous_0)","decl":{"start":{"line":3,"column":17},"end":{"line":3,"column":18}},"loc":{"start":{"line":3,"column":51},"end":{"line":8,"column":1}},"line":3}},"branchMap":{"0":{"loc":{"start":{"line":5,"column":4},"end":{"line":6,"column":71}},"type":"if","locations":[{"start":{"line":5,"column":4},"end":{"line":6,"column":71}},{"start":{},"end":{}}],"line":5}},"s":{"0":2,"1":2,"2":2,"3":7,"4":7,"5":2,"6":5},"f":{"0":7},"b":{"0":[2,5]},"_coverageSchema":"1a1c01bbd47fc00a2c39e90264f33305004495a9","hash":"534b4be6185f4e3a75cb2567cb4b0f6037afed3f"}
,"C:\\Users\\leath\\OneDrive\\Documents\\IUT INFO\\BUT3\\SAE 5.0\\SolimboBack\\lib\\application\\use_cases\\user\\CompleteAccount.js": {"path":"C:\\Users\\leath\\OneDrive\\Documents\\IUT INFO\\BUT3\\SAE 5.0\\SolimboBack\\lib\\application\\use_cases\\user\\CompleteAccount.js","statementMap":{"0":{"start":{"line":3,"column":13},"end":{"line":3,"column":50}},"1":{"start":{"line":4,"column":15},"end":{"line":4,"column":32}},"2":{"start":{"line":5,"column":18},"end":{"line":5,"column":66}},"3":{"start":{"line":6,"column":24},"end":{"line":6,"column":59}},"4":{"start":{"line":7,"column":0},"end":{"line":36,"column":2}},"5":{"start":{"line":8,"column":2},"end":{"line":8,"column":43}},"6":{"start":{"line":9,"column":2},"end":{"line":11,"column":3}},"7":{"start":{"line":10,"column":4},"end":{"line":10,"column":50}},"8":{"start":{"line":12,"column":19},"end":{"line":12,"column":73}},"9":{"start":{"line":13,"column":2},"end":{"line":15,"column":3}},"10":{"start":{"line":14,"column":4},"end":{"line":14,"column":47}},"11":{"start":{"line":16,"column":2},"end":{"line":16,"column":32}},"12":{"start":{"line":17,"column":16},"end":{"line":17,"column":68}},"13":{"start":{"line":18,"column":2},"end":{"line":20,"column":3}},"14":{"start":{"line":19,"column":4},"end":{"line":19,"column":41}},"15":{"start":{"line":21,"column":2},"end":{"line":21,"column":20}},"16":{"start":{"line":22,"column":2},"end":{"line":22,"column":22}},"17":{"start":{"line":23,"column":2},"end":{"line":23,"column":16}},"18":{"start":{"line":24,"column":2},"end":{"line":24,"column":26}},"19":{"start":{"line":25,"column":2},"end":{"line":25,"column":27}},"20":{"start":{"line":26,"column":2},"end":{"line":26,"column":23}},"21":{"start":{"line":27,"column":2},"end":{"line":31,"column":3}},"22":{"start":{"line":28,"column":4},"end":{"line":28,"column":56}},"23":{"start":{"line":29,"column":4},"end":{"line":29,"column":33}},"24":{"start":{"line":30,"column":4},"end":{"line":30,"column":22}},"25":{"start":{"line":32,"column":2},"end":{"line":32,"column":40}}},"fnMap":{"0":{"name":"(anonymous_0)","decl":{"start":{"line":7,"column":17},"end":{"line":7,"column":18}},"loc":{"start":{"line":7,"column":115},"end":{"line":36,"column":1}},"line":7}},"branchMap":{"0":{"loc":{"start":{"line":9,"column":2},"end":{"line":11,"column":3}},"type":"if","locations":[{"start":{"line":9,"column":2},"end":{"line":11,"column":3}},{"start":{},"end":{}}],"line":9},"1":{"loc":{"start":{"line":13,"column":2},"end":{"line":15,"column":3}},"type":"if","locations":[{"start":{"line":13,"column":2},"end":{"line":15,"column":3}},{"start":{},"end":{}}],"line":13},"2":{"loc":{"start":{"line":16,"column":10},"end":{"line":16,"column":32}},"type":"cond-expr","locations":[{"start":{"line":16,"column":18},"end":{"line":16,"column":23}},{"start":{"line":16,"column":26},"end":{"line":16,"column":32}}],"line":16},"3":{"loc":{"start":{"line":18,"column":2},"end":{"line":20,"column":3}},"type":"if","locations":[{"start":{"line":18,"column":2},"end":{"line":20,"column":3}},{"start":{},"end":{}}],"line":18},"4":{"loc":{"start":{"line":27,"column":2},"end":{"line":31,"column":3}},"type":"if","locations":[{"start":{"line":27,"column":2},"end":{"line":31,"column":3}},{"start":{},"end":{}}],"line":27},"5":{"loc":{"start":{"line":27,"column":5},"end":{"line":27,"column":35}},"type":"binary-expr","locations":[{"start":{"line":27,"column":5},"end":{"line":27,"column":26}},{"start":{"line":27,"column":30},"end":{"line":27,"column":35}}],"line":27}},"s":{"0":3,"1":3,"2":3,"3":3,"4":3,"5":9,"6":9,"7":0,"8":9,"9":9,"10":2,"11":7,"12":7,"13":7,"14":2,"15":5,"16":5,"17":5,"18":5,"19":5,"20":5,"21":5,"22":2,"23":2,"24":2,"25":5},"f":{"0":9},"b":{"0":[0,9],"1":[2,7],"2":[5,2],"3":[2,5],"4":[2,3],"5":[5,5]},"_coverageSchema":"1a1c01bbd47fc00a2c39e90264f33305004495a9","hash":"cd0f251caff99b9077b8955dc276f1c8a92244d1"}
,"C:\\Users\\leath\\OneDrive\\Documents\\IUT INFO\\BUT3\\SAE 5.0\\SolimboBack\\lib\\application\\use_cases\\user\\CreateUser.js": {"path":"C:\\Users\\leath\\OneDrive\\Documents\\IUT INFO\\BUT3\\SAE 5.0\\SolimboBack\\lib\\application\\use_cases\\user\\CreateUser.js","statementMap":{"0":{"start":{"line":3,"column":13},"end":{"line":3,"column":50}},"1":{"start":{"line":4,"column":24},"end":{"line":4,"column":59}},"2":{"start":{"line":5,"column":15},"end":{"line":5,"column":32}},"3":{"start":{"line":6,"column":0},"end":{"line":46,"column":2}},"4":{"start":{"line":8,"column":4},"end":{"line":15,"column":5}},"5":{"start":{"line":9,"column":8},"end":{"line":9,"column":94}},"6":{"start":{"line":10,"column":8},"end":{"line":12,"column":9}},"7":{"start":{"line":11,"column":12},"end":{"line":11,"column":46}},"8":{"start":{"line":13,"column":8},"end":{"line":13,"column":91}},"9":{"start":{"line":14,"column":8},"end":{"line":14,"column":34}},"10":{"start":{"line":16,"column":21},"end":{"line":16,"column":73}},"11":{"start":{"line":17,"column":4},"end":{"line":19,"column":5}},"12":{"start":{"line":18,"column":8},"end":{"line":18,"column":50}},"13":{"start":{"line":20,"column":4},"end":{"line":20,"column":58}},"14":{"start":{"line":21,"column":20},"end":{"line":29,"column":5}},"15":{"start":{"line":30,"column":16},"end":{"line":31,"column":16}},"16":{"start":{"line":32,"column":4},"end":{"line":32,"column":45}},"17":{"start":{"line":34,"column":24},"end":{"line":39,"column":5}},"18":{"start":{"line":40,"column":4},"end":{"line":40,"column":42}},"19":{"start":{"line":42,"column":4},"end":{"line":44,"column":19}},"20":{"start":{"line":43,"column":8},"end":{"line":43,"column":62}},"21":{"start":{"line":45,"column":4},"end":{"line":45,"column":15}}},"fnMap":{"0":{"name":"(anonymous_0)","decl":{"start":{"line":6,"column":17},"end":{"line":6,"column":18}},"loc":{"start":{"line":6,"column":99},"end":{"line":46,"column":1}},"line":6},"1":{"name":"(anonymous_1)","decl":{"start":{"line":42,"column":15},"end":{"line":42,"column":16}},"loc":{"start":{"line":42,"column":19},"end":{"line":44,"column":5}},"line":42}},"branchMap":{"0":{"loc":{"start":{"line":8,"column":4},"end":{"line":15,"column":5}},"type":"if","locations":[{"start":{"line":8,"column":4},"end":{"line":15,"column":5}},{"start":{},"end":{}}],"line":8},"1":{"loc":{"start":{"line":10,"column":8},"end":{"line":12,"column":9}},"type":"if","locations":[{"start":{"line":10,"column":8},"end":{"line":12,"column":9}},{"start":{},"end":{}}],"line":10},"2":{"loc":{"start":{"line":17,"column":4},"end":{"line":19,"column":5}},"type":"if","locations":[{"start":{"line":17,"column":4},"end":{"line":19,"column":5}},{"start":{},"end":{}}],"line":17},"3":{"loc":{"start":{"line":23,"column":15},"end":{"line":23,"column":49}},"type":"cond-expr","locations":[{"start":{"line":23,"column":30},"end":{"line":23,"column":42}},{"start":{"line":23,"column":45},"end":{"line":23,"column":49}}],"line":23},"4":{"loc":{"start":{"line":24,"column":26},"end":{"line":24,"column":46}},"type":"cond-expr","locations":[{"start":{"line":24,"column":34},"end":{"line":24,"column":39}},{"start":{"line":24,"column":42},"end":{"line":24,"column":46}}],"line":24}},"s":{"0":2,"1":2,"2":2,"3":2,"4":8,"5":4,"6":4,"7":2,"8":2,"9":2,"10":6,"11":6,"12":2,"13":4,"14":4,"15":4,"16":4,"17":4,"18":4,"19":4,"20":0,"21":4},"f":{"0":8,"1":0},"b":{"0":[4,4],"1":[2,2],"2":[2,4],"3":[2,2],"4":[2,2]},"_coverageSchema":"1a1c01bbd47fc00a2c39e90264f33305004495a9","hash":"136ef1e87a81f726fcb8b42fa3ea55f70eda8582"}
,"C:\\Users\\leath\\OneDrive\\Documents\\IUT INFO\\BUT3\\SAE 5.0\\SolimboBack\\lib\\application\\use_cases\\user\\follow.js": {"path":"C:\\Users\\leath\\OneDrive\\Documents\\IUT INFO\\BUT3\\SAE 5.0\\SolimboBack\\lib\\application\\use_cases\\user\\follow.js","statementMap":{"0":{"start":{"line":1,"column":24},"end":{"line":1,"column":59}},"1":{"start":{"line":2,"column":0},"end":{"line":14,"column":1}},"2":{"start":{"line":3,"column":15},"end":{"line":3,"column":58}},"3":{"start":{"line":4,"column":4},"end":{"line":4,"column":115}},"4":{"start":{"line":4,"column":45},"end":{"line":4,"column":115}},"5":{"start":{"line":5,"column":19},"end":{"line":5,"column":63}},"6":{"start":{"line":6,"column":4},"end":{"line":6,"column":78}},"7":{"start":{"line":6,"column":21},"end":{"line":6,"column":78}},"8":{"start":{"line":7,"column":4},"end":{"line":10,"column":5}},"9":{"start":{"line":8,"column":8},"end":{"line":8,"column":44}},"10":{"start":{"line":9,"column":8},"end":{"line":9,"column":19}},"11":{"start":{"line":11,"column":4},"end":{"line":11,"column":42}},"12":{"start":{"line":12,"column":4},"end":{"line":12,"column":16}}},"fnMap":{"0":{"name":"(anonymous_0)","decl":{"start":{"line":2,"column":17},"end":{"line":2,"column":18}},"loc":{"start":{"line":2,"column":119},"end":{"line":14,"column":1}},"line":2}},"branchMap":{"0":{"loc":{"start":{"line":4,"column":4},"end":{"line":4,"column":115}},"type":"if","locations":[{"start":{"line":4,"column":4},"end":{"line":4,"column":115}},{"start":{},"end":{}}],"line":4},"1":{"loc":{"start":{"line":6,"column":4},"end":{"line":6,"column":78}},"type":"if","locations":[{"start":{"line":6,"column":4},"end":{"line":6,"column":78}},{"start":{},"end":{}}],"line":6},"2":{"loc":{"start":{"line":7,"column":4},"end":{"line":10,"column":5}},"type":"if","locations":[{"start":{"line":7,"column":4},"end":{"line":10,"column":5}},{"start":{},"end":{}}],"line":7}},"s":{"0":2,"1":2,"2":6,"3":6,"4":1,"5":5,"6":5,"7":2,"8":3,"9":1,"10":1,"11":2,"12":2},"f":{"0":6},"b":{"0":[1,5],"1":[2,3],"2":[1,2]},"_coverageSchema":"1a1c01bbd47fc00a2c39e90264f33305004495a9","hash":"a735a768e349d8f9de9578feeb43e59265797004"}
,"C:\\Users\\leath\\OneDrive\\Documents\\IUT INFO\\BUT3\\SAE 5.0\\SolimboBack\\lib\\application\\use_cases\\user\\getUserByConfirmToken.js": {"path":"C:\\Users\\leath\\OneDrive\\Documents\\IUT INFO\\BUT3\\SAE 5.0\\SolimboBack\\lib\\application\\use_cases\\user\\getUserByConfirmToken.js","statementMap":{"0":{"start":{"line":1,"column":19},"end":{"line":1,"column":62}},"1":{"start":{"line":2,"column":0},"end":{"line":5,"column":1}},"2":{"start":{"line":3,"column":17},"end":{"line":3,"column":67}},"3":{"start":{"line":4,"column":4},"end":{"line":4,"column":45}}},"fnMap":{"0":{"name":"(anonymous_0)","decl":{"start":{"line":2,"column":17},"end":{"line":2,"column":18}},"loc":{"start":{"line":2,"column":57},"end":{"line":5,"column":1}},"line":2}},"branchMap":{"0":{"loc":{"start":{"line":4,"column":11},"end":{"line":4,"column":45}},"type":"cond-expr","locations":[{"start":{"line":4,"column":18},"end":{"line":4,"column":38}},{"start":{"line":4,"column":41},"end":{"line":4,"column":45}}],"line":4}},"s":{"0":2,"1":2,"2":4,"3":4},"f":{"0":4},"b":{"0":[2,2]},"_coverageSchema":"1a1c01bbd47fc00a2c39e90264f33305004495a9","hash":"b719fa4be78866aedb218162bc2aff30453f7501"}
,"C:\\Users\\leath\\OneDrive\\Documents\\IUT INFO\\BUT3\\SAE 5.0\\SolimboBack\\lib\\application\\use_cases\\user\\getUserByPseudo.js": {"path":"C:\\Users\\leath\\OneDrive\\Documents\\IUT INFO\\BUT3\\SAE 5.0\\SolimboBack\\lib\\application\\use_cases\\user\\getUserByPseudo.js","statementMap":{"0":{"start":{"line":1,"column":19},"end":{"line":1,"column":62}},"1":{"start":{"line":2,"column":0},"end":{"line":5,"column":1}},"2":{"start":{"line":3,"column":17},"end":{"line":3,"column":65}},"3":{"start":{"line":4,"column":4},"end":{"line":4,"column":45}}},"fnMap":{"0":{"name":"(anonymous_0)","decl":{"start":{"line":2,"column":17},"end":{"line":2,"column":18}},"loc":{"start":{"line":2,"column":51},"end":{"line":5,"column":1}},"line":2}},"branchMap":{"0":{"loc":{"start":{"line":4,"column":11},"end":{"line":4,"column":45}},"type":"cond-expr","locations":[{"start":{"line":4,"column":18},"end":{"line":4,"column":38}},{"start":{"line":4,"column":41},"end":{"line":4,"column":45}}],"line":4}},"s":{"0":2,"1":2,"2":4,"3":4},"f":{"0":4},"b":{"0":[2,2]},"_coverageSchema":"1a1c01bbd47fc00a2c39e90264f33305004495a9","hash":"250bbbc1eb6e801cb8e7597a188becf9973fd722"}
,"C:\\Users\\leath\\OneDrive\\Documents\\IUT INFO\\BUT3\\SAE 5.0\\SolimboBack\\lib\\application\\use_cases\\user\\resetPassword.js": {"path":"C:\\Users\\leath\\OneDrive\\Documents\\IUT INFO\\BUT3\\SAE 5.0\\SolimboBack\\lib\\application\\use_cases\\user\\resetPassword.js","statementMap":{"0":{"start":{"line":3,"column":13},"end":{"line":3,"column":50}},"1":{"start":{"line":4,"column":15},"end":{"line":4,"column":32}},"2":{"start":{"line":5,"column":18},"end":{"line":5,"column":66}},"3":{"start":{"line":6,"column":24},"end":{"line":6,"column":59}},"4":{"start":{"line":7,"column":15},"end":{"line":7,"column":32}},"5":{"start":{"line":8,"column":0},"end":{"line":21,"column":2}},"6":{"start":{"line":9,"column":17},"end":{"line":9,"column":65}},"7":{"start":{"line":10,"column":4},"end":{"line":12,"column":5}},"8":{"start":{"line":11,"column":8},"end":{"line":11,"column":45}},"9":{"start":{"line":13,"column":4},"end":{"line":13,"column":45}},"10":{"start":{"line":14,"column":4},"end":{"line":16,"column":5}},"11":{"start":{"line":15,"column":8},"end":{"line":15,"column":54}},"12":{"start":{"line":17,"column":4},"end":{"line":17,"column":27}},"13":{"start":{"line":18,"column":4},"end":{"line":18,"column":28}},"14":{"start":{"line":19,"column":4},"end":{"line":19,"column":41}},"15":{"start":{"line":20,"column":4},"end":{"line":20,"column":15}}},"fnMap":{"0":{"name":"(anonymous_0)","decl":{"start":{"line":8,"column":17},"end":{"line":8,"column":18}},"loc":{"start":{"line":8,"column":65},"end":{"line":21,"column":1}},"line":8}},"branchMap":{"0":{"loc":{"start":{"line":10,"column":4},"end":{"line":12,"column":5}},"type":"if","locations":[{"start":{"line":10,"column":4},"end":{"line":12,"column":5}},{"start":{},"end":{}}],"line":10},"1":{"loc":{"start":{"line":14,"column":4},"end":{"line":16,"column":5}},"type":"if","locations":[{"start":{"line":14,"column":4},"end":{"line":16,"column":5}},{"start":{},"end":{}}],"line":14}},"s":{"0":2,"1":2,"2":2,"3":2,"4":2,"5":2,"6":4,"7":4,"8":2,"9":2,"10":2,"11":0,"12":2,"13":2,"14":2,"15":2},"f":{"0":4},"b":{"0":[2,2],"1":[0,2]},"_coverageSchema":"1a1c01bbd47fc00a2c39e90264f33305004495a9","hash":"cc4d067543496e47f657f45be8e57aee23f09be6"}
,"C:\\Users\\leath\\OneDrive\\Documents\\IUT INFO\\BUT3\\SAE 5.0\\SolimboBack\\lib\\application\\use_cases\\user\\sendResetEmail.js": {"path":"C:\\Users\\leath\\OneDrive\\Documents\\IUT INFO\\BUT3\\SAE 5.0\\SolimboBack\\lib\\application\\use_cases\\user\\sendResetEmail.js","statementMap":{"0":{"start":{"line":2,"column":15},"end":{"line":2,"column":32}},"1":{"start":{"line":3,"column":0},"end":{"line":22,"column":2}},"2":{"start":{"line":4,"column":17},"end":{"line":4,"column":69}},"3":{"start":{"line":5,"column":4},"end":{"line":5,"column":45}},"4":{"start":{"line":5,"column":33},"end":{"line":5,"column":45}},"5":{"start":{"line":6,"column":24},"end":{"line":6,"column":62}},"6":{"start":{"line":7,"column":4},"end":{"line":7,"column":34}},"7":{"start":{"line":8,"column":4},"end":{"line":8,"column":41}},"8":{"start":{"line":9,"column":24},"end":{"line":14,"column":5}},"9":{"start":{"line":15,"column":4},"end":{"line":15,"column":42}},"10":{"start":{"line":17,"column":4},"end":{"line":20,"column":16}},"11":{"start":{"line":18,"column":8},"end":{"line":18,"column":31}},"12":{"start":{"line":19,"column":8},"end":{"line":19,"column":39}},"13":{"start":{"line":21,"column":4},"end":{"line":21,"column":15}}},"fnMap":{"0":{"name":"(anonymous_0)","decl":{"start":{"line":3,"column":17},"end":{"line":3,"column":18}},"loc":{"start":{"line":3,"column":67},"end":{"line":22,"column":1}},"line":3},"1":{"name":"(anonymous_1)","decl":{"start":{"line":17,"column":15},"end":{"line":17,"column":16}},"loc":{"start":{"line":17,"column":19},"end":{"line":20,"column":5}},"line":17}},"branchMap":{"0":{"loc":{"start":{"line":5,"column":4},"end":{"line":5,"column":45}},"type":"if","locations":[{"start":{"line":5,"column":4},"end":{"line":5,"column":45}},{"start":{},"end":{}}],"line":5},"1":{"loc":{"start":{"line":5,"column":7},"end":{"line":5,"column":31}},"type":"binary-expr","locations":[{"start":{"line":5,"column":7},"end":{"line":5,"column":12}},{"start":{"line":5,"column":16},"end":{"line":5,"column":31}}],"line":5}},"s":{"0":2,"1":2,"2":6,"3":6,"4":4,"5":2,"6":2,"7":2,"8":2,"9":2,"10":2,"11":0,"12":0,"13":2},"f":{"0":6,"1":0},"b":{"0":[4,2],"1":[6,4]},"_coverageSchema":"1a1c01bbd47fc00a2c39e90264f33305004495a9","hash":"092ba1c8dc367d99a3c6c73bb13eb598b45f12c0"}
,"C:\\Users\\leath\\OneDrive\\Documents\\IUT INFO\\BUT3\\SAE 5.0\\SolimboBack\\lib\\application\\use_cases\\user\\uploadPreview.js": {"path":"C:\\Users\\leath\\OneDrive\\Documents\\IUT INFO\\BUT3\\SAE 5.0\\SolimboBack\\lib\\application\\use_cases\\user\\uploadPreview.js","statementMap":{"0":{"start":{"line":2,"column":16},"end":{"line":2,"column":43}},"1":{"start":{"line":3,"column":24},"end":{"line":3,"column":59}},"2":{"start":{"line":4,"column":0},"end":{"line":16,"column":2}},"3":{"start":{"line":5,"column":4},"end":{"line":5,"column":83}},"4":{"start":{"line":5,"column":23},"end":{"line":5,"column":83}},"5":{"start":{"line":6,"column":15},"end":{"line":6,"column":54}},"6":{"start":{"line":7,"column":4},"end":{"line":7,"column":115}},"7":{"start":{"line":7,"column":45},"end":{"line":7,"column":115}},"8":{"start":{"line":8,"column":24},"end":{"line":8,"column":63}},"9":{"start":{"line":9,"column":4},"end":{"line":11,"column":5}},"10":{"start":{"line":10,"column":8},"end":{"line":10,"column":50}},"11":{"start":{"line":12,"column":17},"end":{"line":12,"column":67}},"12":{"start":{"line":13,"column":4},"end":{"line":13,"column":60}},"13":{"start":{"line":13,"column":15},"end":{"line":13,"column":60}},"14":{"start":{"line":14,"column":4},"end":{"line":14,"column":42}},"15":{"start":{"line":15,"column":4},"end":{"line":15,"column":15}}},"fnMap":{"0":{"name":"(anonymous_0)","decl":{"start":{"line":4,"column":17},"end":{"line":4,"column":18}},"loc":{"start":{"line":4,"column":95},"end":{"line":16,"column":1}},"line":4}},"branchMap":{"0":{"loc":{"start":{"line":5,"column":4},"end":{"line":5,"column":83}},"type":"if","locations":[{"start":{"line":5,"column":4},"end":{"line":5,"column":83}},{"start":{},"end":{}}],"line":5},"1":{"loc":{"start":{"line":7,"column":4},"end":{"line":7,"column":115}},"type":"if","locations":[{"start":{"line":7,"column":4},"end":{"line":7,"column":115}},{"start":{},"end":{}}],"line":7},"2":{"loc":{"start":{"line":9,"column":4},"end":{"line":11,"column":5}},"type":"if","locations":[{"start":{"line":9,"column":4},"end":{"line":11,"column":5}},{"start":{},"end":{}}],"line":9},"3":{"loc":{"start":{"line":13,"column":4},"end":{"line":13,"column":60}},"type":"if","locations":[{"start":{"line":13,"column":4},"end":{"line":13,"column":60}},{"start":{},"end":{}}],"line":13}},"s":{"0":2,"1":2,"2":2,"3":5,"4":1,"5":4,"6":4,"7":1,"8":3,"9":3,"10":2,"11":3,"12":3,"13":1,"14":2,"15":2},"f":{"0":5},"b":{"0":[1,4],"1":[1,3],"2":[2,1],"3":[1,2]},"_coverageSchema":"1a1c01bbd47fc00a2c39e90264f33305004495a9","hash":"adb5230c97c8ddf9e2af52b5e2c32b8c4cc0b01a"}
,"C:\\Users\\leath\\OneDrive\\Documents\\IUT INFO\\BUT3\\SAE 5.0\\SolimboBack\\lib\\application\\use_cases\\utils\\isImage.js": {"path":"C:\\Users\\leath\\OneDrive\\Documents\\IUT INFO\\BUT3\\SAE 5.0\\SolimboBack\\lib\\application\\use_cases\\utils\\isImage.js","statementMap":{"0":{"start":{"line":1,"column":24},"end":{"line":1,"column":50}},"1":{"start":{"line":2,"column":0},"end":{"line":5,"column":1}},"2":{"start":{"line":3,"column":19},"end":{"line":3,"column":54}},"3":{"start":{"line":4,"column":4},"end":{"line":4,"column":81}}},"fnMap":{"0":{"name":"(anonymous_0)","decl":{"start":{"line":2,"column":17},"end":{"line":2,"column":18}},"loc":{"start":{"line":2,"column":27},"end":{"line":5,"column":1}},"line":2}},"branchMap":{"0":{"loc":{"start":{"line":4,"column":11},"end":{"line":4,"column":81}},"type":"binary-expr","locations":[{"start":{"line":4,"column":11},"end":{"line":4,"column":43}},{"start":{"line":4,"column":47},"end":{"line":4,"column":67}},{"start":{"line":4,"column":71},"end":{"line":4,"column":81}}],"line":4}},"s":{"0":2,"1":2,"2":5,"3":5},"f":{"0":5},"b":{"0":[5,4,4]},"_coverageSchema":"1a1c01bbd47fc00a2c39e90264f33305004495a9","hash":"271d7800a1201400f85522fafed1ef198ecd10d7"}
,"C:\\Users\\leath\\OneDrive\\Documents\\IUT INFO\\BUT3\\SAE 5.0\\SolimboBack\\lib\\application\\use_cases\\utils\\throwStatusCode.js": {"path":"C:\\Users\\leath\\OneDrive\\Documents\\IUT INFO\\BUT3\\SAE 5.0\\SolimboBack\\lib\\application\\use_cases\\utils\\throwStatusCode.js","statementMap":{"0":{"start":{"line":1,"column":0},"end":{"line":6,"column":1}},"1":{"start":{"line":2,"column":18},"end":{"line":2,"column":47}},"2":{"start":{"line":3,"column":4},"end":{"line":3,"column":22}},"3":{"start":{"line":4,"column":4},"end":{"line":4,"column":21}},"4":{"start":{"line":5,"column":4},"end":{"line":5,"column":15}}},"fnMap":{"0":{"name":"(anonymous_0)","decl":{"start":{"line":1,"column":17},"end":{"line":1,"column":18}},"loc":{"start":{"line":1,"column":36},"end":{"line":6,"column":1}},"line":1}},"branchMap":{"0":{"loc":{"start":{"line":2,"column":28},"end":{"line":2,"column":46}},"type":"binary-expr","locations":[{"start":{"line":2,"column":28},"end":{"line":2,"column":35}},{"start":{"line":2,"column":39},"end":{"line":2,"column":46}}],"line":2}},"s":{"0":14,"1":30,"2":30,"3":30,"4":30},"f":{"0":30},"b":{"0":[30,2]},"_coverageSchema":"1a1c01bbd47fc00a2c39e90264f33305004495a9","hash":"70239c708874e9d54125239fe4b649d53bf81dbc"}
}
