TN:
SF:lib\application\use_cases\security\GetAccessToken.js
FN:4,(anonymous_0)
FNF:1
FNH:1
FNDA:6,(anonymous_0)
DA:2,2
DA:3,2
DA:4,2
DA:5,6
DA:6,6
DA:7,4
DA:10,2
LF:7
LH:7
BRDA:6,0,0,4
BRDA:6,0,1,2
BRDA:6,1,0,6
BRDA:6,1,1,4
BRF:4
BRH:4
end_of_record
TN:
SF:lib\application\use_cases\spotify\FetchArtist.js
FN:4,(anonymous_0)
FNF:1
FNH:1
FNDA:4,(anonymous_0)
DA:1,2
DA:2,2
DA:4,2
DA:5,4
DA:6,4
DA:7,4
DA:10,2
DA:13,2
DA:14,2
LF:9
LH:9
BRF:0
BRH:0
end_of_record
TN:
SF:lib\application\use_cases\spotify\FetchArtistSongs.js
FN:4,(anonymous_0)
FN:26,(anonymous_1)
FN:27,(anonymous_2)
FN:29,(anonymous_3)
FN:30,(anonymous_4)
FN:32,(anonymous_5)
FN:33,(anonymous_6)
FN:36,(anonymous_7)
FN:37,(anonymous_8)
FNF:9
FNH:9
FNDA:11,(anonymous_0)
FNDA:7,(anonymous_1)
FNDA:3,(anonymous_2)
FNDA:7,(anonymous_3)
FNDA:3,(anonymous_4)
FNDA:5,(anonymous_5)
FNDA:2,(anonymous_6)
FNDA:5,(anonymous_7)
FNDA:2,(anonymous_8)
DA:1,2
DA:2,2
DA:4,2
DA:5,11
DA:6,11
DA:7,11
DA:8,11
DA:10,11
DA:11,11
DA:13,11
DA:14,11
DA:17,2
DA:18,2
DA:21,9
DA:26,9
DA:27,9
DA:29,9
DA:30,9
DA:32,9
DA:33,9
DA:36,9
DA:37,9
DA:39,9
DA:40,9
DA:41,9
DA:42,9
DA:44,9
LF:27
LH:27
BRDA:26,0,0,6
BRDA:26,0,1,3
BRDA:26,1,0,6
BRDA:26,1,1,3
BRDA:27,2,0,3
BRDA:27,2,1,6
BRDA:29,3,0,5
BRDA:29,3,1,4
BRDA:29,4,0,5
BRDA:29,4,1,2
BRDA:30,5,0,3
BRDA:30,5,1,6
BRDA:32,6,0,3
BRDA:32,6,1,6
BRDA:32,7,0,3
BRDA:32,7,1,1
BRDA:33,8,0,2
BRDA:33,8,1,7
BRDA:36,9,0,3
BRDA:36,9,1,6
BRDA:36,10,0,3
BRDA:36,10,1,1
BRDA:37,11,0,2
BRDA:37,11,1,7
BRF:24
BRH:24
end_of_record
TN:
SF:lib\application\use_cases\spotify\GetAuthURL.js
FN:20,(anonymous_0)
FNF:1
FNH:0
FNDA:0,(anonymous_0)
DA:1,1
DA:20,1
DA:21,0
LF:3
LH:2
BRF:0
BRH:0
end_of_record
TN:
SF:lib\application\use_cases\spotify\GetToken.js
FN:2,(anonymous_0)
FNF:1
FNH:1
FNDA:2,(anonymous_0)
DA:1,1
DA:2,1
DA:3,2
DA:4,2
DA:5,1
DA:6,1
LF:6
LH:6
BRDA:4,0,0,1
BRDA:4,0,1,1
BRF:2
BRH:2
end_of_record
TN:
SF:lib\application\use_cases\spotify\RefreshToken.js
FN:1,(anonymous_0)
FN:2,(anonymous_1)
FN:16,(anonymous_2)
FNF:3
FNH:1
FNDA:1,(anonymous_0)
FNDA:0,(anonymous_1)
FNDA:0,(anonymous_2)
DA:1,1
DA:2,1
DA:3,0
DA:4,0
DA:5,0
DA:7,1
DA:8,0
DA:9,0
DA:11,0
DA:12,0
DA:13,0
DA:16,1
DA:17,0
LF:13
LH:4
BRDA:7,0,0,0
BRDA:7,0,1,1
BRF:2
BRH:1
end_of_record
TN:
SF:lib\application\use_cases\spotify\Search.js
FN:6,(anonymous_0)
FN:11,(anonymous_1)
FN:23,(anonymous_2)
FN:26,(anonymous_3)
FN:28,(anonymous_4)
FN:35,(anonymous_5)
FN:39,(anonymous_6)
FNF:7
FNH:7
FNDA:17,(anonymous_0)
FNDA:22,(anonymous_1)
FNDA:2,(anonymous_2)
FNDA:2,(anonymous_3)
FNDA:2,(anonymous_4)
FNDA:4,(anonymous_5)
FNDA:7,(anonymous_6)
DA:1,2
DA:2,2
DA:3,2
DA:4,2
DA:5,2
DA:6,2
DA:7,17
DA:8,17
DA:9,17
DA:10,17
DA:11,22
DA:12,9
DA:13,9
DA:16,17
DA:19,17
DA:22,17
DA:23,2
DA:25,17
DA:26,2
DA:27,17
DA:28,2
DA:29,17
DA:30,2
DA:32,17
DA:33,17
DA:34,17
DA:35,17
DA:36,17
DA:37,0
DA:38,17
DA:39,17
LF:31
LH:30
BRDA:10,0,0,9
BRDA:10,0,1,8
BRDA:16,1,0,16
BRDA:16,1,1,1
BRDA:22,2,0,2
BRDA:22,2,1,15
BRDA:25,3,0,2
BRDA:25,3,1,15
BRDA:27,4,0,2
BRDA:27,4,1,15
BRDA:29,5,0,2
BRDA:29,5,1,15
BRDA:36,6,0,0
BRDA:36,6,1,17
BRF:14
BRH:13
end_of_record
TN:
SF:lib\application\use_cases\spotify\getAlbum.js
FN:4,(anonymous_0)
FNF:1
FNH:1
FNDA:6,(anonymous_0)
DA:1,2
DA:2,2
DA:4,2
DA:5,6
DA:6,6
DA:7,2
DA:8,4
LF:7
LH:7
BRDA:6,0,0,2
BRDA:6,0,1,4
BRF:2
BRH:2
end_of_record
TN:
SF:lib\application\use_cases\spotify\getSearchFilters.js
FN:1,(anonymous_0)
FNF:1
FNH:1
FNDA:2,(anonymous_0)
DA:1,2
DA:2,2
LF:2
LH:2
BRF:0
BRH:0
end_of_record
TN:
SF:lib\application\use_cases\spotify\getTrack.js
FN:3,(anonymous_0)
FNF:1
FNH:1
FNDA:7,(anonymous_0)
DA:1,2
DA:2,2
DA:3,2
DA:4,7
DA:5,7
DA:6,2
DA:7,5
LF:7
LH:7
BRDA:5,0,0,2
BRDA:5,0,1,5
BRF:2
BRH:2
end_of_record
TN:
SF:lib\application\use_cases\user\CompleteAccount.js
FN:7,(anonymous_0)
FNF:1
FNH:1
FNDA:9,(anonymous_0)
DA:3,3
DA:4,3
DA:5,3
DA:6,3
DA:7,3
DA:8,9
DA:9,9
DA:10,0
DA:12,9
DA:13,9
DA:14,2
DA:16,7
DA:17,7
DA:18,7
DA:19,2
DA:21,5
DA:22,5
DA:23,5
DA:24,5
DA:25,5
DA:26,5
DA:27,5
DA:28,2
DA:29,2
DA:30,2
DA:32,5
LF:26
LH:25
BRDA:9,0,0,0
BRDA:9,0,1,9
BRDA:13,1,0,2
BRDA:13,1,1,7
BRDA:16,2,0,5
BRDA:16,2,1,2
BRDA:18,3,0,2
BRDA:18,3,1,5
BRDA:27,4,0,2
BRDA:27,4,1,3
BRDA:27,5,0,5
BRDA:27,5,1,5
BRF:12
BRH:11
end_of_record
TN:
SF:lib\application\use_cases\user\CreateUser.js
FN:6,(anonymous_0)
FN:42,(anonymous_1)
FNF:2
FNH:1
FNDA:8,(anonymous_0)
FNDA:0,(anonymous_1)
DA:3,2
DA:4,2
DA:5,2
DA:6,2
DA:8,8
DA:9,4
DA:10,4
DA:11,2
DA:13,2
DA:14,2
DA:16,6
DA:17,6
DA:18,2
DA:20,4
DA:21,4
DA:30,4
DA:32,4
DA:34,4
DA:40,4
DA:42,4
DA:43,0
DA:45,4
LF:22
LH:21
BRDA:8,0,0,4
BRDA:8,0,1,4
BRDA:10,1,0,2
BRDA:10,1,1,2
BRDA:17,2,0,2
BRDA:17,2,1,4
BRDA:23,3,0,2
BRDA:23,3,1,2
BRDA:24,4,0,2
BRDA:24,4,1,2
BRF:10
BRH:10
end_of_record
TN:
SF:lib\application\use_cases\user\follow.js
FN:2,(anonymous_0)
FNF:1
FNH:1
FNDA:6,(anonymous_0)
DA:1,2
DA:2,2
DA:3,6
DA:4,6
DA:5,5
DA:6,5
DA:7,3
DA:8,1
DA:9,1
DA:11,2
DA:12,2
LF:11
LH:11
BRDA:4,0,0,1
BRDA:4,0,1,5
BRDA:6,1,0,2
BRDA:6,1,1,3
BRDA:7,2,0,1
BRDA:7,2,1,2
BRF:6
BRH:6
end_of_record
TN:
SF:lib\application\use_cases\user\getUserByConfirmToken.js
FN:2,(anonymous_0)
FNF:1
FNH:1
FNDA:4,(anonymous_0)
DA:1,2
DA:2,2
DA:3,4
DA:4,4
LF:4
LH:4
BRDA:4,0,0,2
BRDA:4,0,1,2
BRF:2
BRH:2
end_of_record
TN:
SF:lib\application\use_cases\user\getUserByPseudo.js
FN:2,(anonymous_0)
FNF:1
FNH:1
FNDA:4,(anonymous_0)
DA:1,2
DA:2,2
DA:3,4
DA:4,4
LF:4
LH:4
BRDA:4,0,0,2
BRDA:4,0,1,2
BRF:2
BRH:2
end_of_record
TN:
SF:lib\application\use_cases\user\resetPassword.js
FN:8,(anonymous_0)
FNF:1
FNH:1
FNDA:4,(anonymous_0)
DA:3,2
DA:4,2
DA:5,2
DA:6,2
DA:7,2
DA:8,2
DA:9,4
DA:10,4
DA:11,2
DA:13,2
DA:14,2
DA:15,0
DA:17,2
DA:18,2
DA:19,2
DA:20,2
LF:16
LH:15
BRDA:10,0,0,2
BRDA:10,0,1,2
BRDA:14,1,0,0
BRDA:14,1,1,2
BRF:4
BRH:3
end_of_record
TN:
SF:lib\application\use_cases\user\sendResetEmail.js
FN:3,(anonymous_0)
FN:17,(anonymous_1)
FNF:2
FNH:1
FNDA:6,(anonymous_0)
FNDA:0,(anonymous_1)
DA:2,2
DA:3,2
DA:4,6
DA:5,6
DA:6,2
DA:7,2
DA:8,2
DA:9,2
DA:15,2
DA:17,2
DA:18,0
DA:19,0
DA:21,2
LF:13
LH:11
BRDA:5,0,0,4
BRDA:5,0,1,2
BRDA:5,1,0,6
BRDA:5,1,1,4
BRF:4
BRH:4
end_of_record
TN:
SF:lib\application\use_cases\user\uploadPreview.js
FN:4,(anonymous_0)
FNF:1
FNH:1
FNDA:5,(anonymous_0)
DA:2,2
DA:3,2
DA:4,2
DA:5,5
DA:6,4
DA:7,4
DA:8,3
DA:9,3
DA:10,2
DA:12,3
DA:13,3
DA:14,2
DA:15,2
LF:13
LH:13
BRDA:5,0,0,1
BRDA:5,0,1,4
BRDA:7,1,0,1
BRDA:7,1,1,3
BRDA:9,2,0,2
BRDA:9,2,1,1
BRDA:13,3,0,1
BRDA:13,3,1,2
BRF:8
BRH:8
end_of_record
TN:
SF:lib\application\use_cases\utils\isImage.js
FN:2,(anonymous_0)
FNF:1
FNH:1
FNDA:5,(anonymous_0)
DA:1,2
DA:2,2
DA:3,5
DA:4,5
LF:4
LH:4
BRDA:4,0,0,5
BRDA:4,0,1,4
BRDA:4,0,2,4
BRF:3
BRH:3
end_of_record
TN:
SF:lib\application\use_cases\utils\throwStatusCode.js
FN:1,(anonymous_0)
FNF:1
FNH:1
FNDA:30,(anonymous_0)
DA:1,14
DA:2,30
DA:3,30
DA:4,30
DA:5,30
LF:5
LH:5
BRDA:2,0,0,30
BRDA:2,0,1,2
BRF:2
BRH:2
end_of_record
